<?xml version="1.0" encoding="UTF-8"?>
<!-- Generated by org.testng.reporters.JUnitReportReporter -->
<testsuite hostname="DESKTOP-O5BG9N5" failures="0" tests="2" name="Test.Ignore" time="0.010" errors="0" timestamp="2021-04-19T23:30:50 CEST" skipped="0">
  <testcase classname="Test.Ignore" name="Test3" time="0.001"/>
  <system-out/>
  <testcase classname="Test.Ignore" name="Test2" time="0.009"/>
  <system-out/>
</testsuite> <!-- Test.Ignore -->
