<?xml version="1.0" encoding="UTF-8"?>
<!-- Generated by org.testng.reporters.JUnitReportReporter -->
<testsuite hostname="DESKTOP-O5BG9N5" failures="0" tests="2" name="crossBrwosertstng.CrossBrowserTesting" time="12.856" errors="0" timestamp="2021-04-19T16:13:09 CEST" skipped="0">
  <testcase classname="crossBrwosertstng.CrossBrowserTesting" name="Test" time="6.415"/>
  <system-out/>
  <testcase classname="crossBrwosertstng.CrossBrowserTesting" name="Test" time="6.441"/>
  <system-out/>
</testsuite> <!-- crossBrwosertstng.CrossBrowserTesting -->
