<?xml version="1.0" encoding="UTF-8"?>
<!-- Generated by org.testng.reporters.JUnitReportReporter -->
<testsuite hostname="DESKTOP-O5BG9N5" failures="0" tests="6" name="testNGGrouping.GroupingDemo" time="0.020" errors="0" timestamp="2021-04-19T23:21:18 CEST" skipped="0">
  <testcase classname="testNGGrouping.GroupingDemo" name="Test5" time="0.001"/>
  <system-out/>
  <testcase classname="testNGGrouping.GroupingDemo" name="Test1" time="0.015"/>
  <system-out/>
  <testcase classname="testNGGrouping.GroupingDemo" name="Test4" time="0.001"/>
  <system-out/>
  <testcase classname="testNGGrouping.GroupingDemo" name="Test2" time="0.001"/>
  <system-out/>
  <testcase classname="testNGGrouping.GroupingDemo" name="Test6" time="0.001"/>
  <system-out/>
  <testcase classname="testNGGrouping.GroupingDemo" name="Test3" time="0.001"/>
  <system-out/>
</testsuite> <!-- testNGGrouping.GroupingDemo -->
