<?xml version="1.0" encoding="UTF-8"?>
<!-- Generated by org.testng.reporters.JUnitReportReporter -->
<testsuite hostname="DESKTOP-O5BG9N5" failures="0" tests="1" name="autoIT.AutoITDemo" time="14.511" errors="0" timestamp="2021-04-21T16:06:04 CEST" skipped="0">
  <testcase classname="autoIT.AutoITDemo" name="Test1" time="14.511"/>
  <system-out/>
</testsuite> <!-- autoIT.AutoITDemo -->
