<?xml version="1.0" encoding="UTF-8"?>
<!-- Generated by org.testng.reporters.JUnitReportReporter -->
<testsuite hostname="DESKTOP-O5BG9N5" failures="0" tests="1" name="katalon.KatalonDemo" time="5.326" errors="0" timestamp="2021-04-25T20:35:58 CEST" skipped="0">
  <testcase classname="katalon.KatalonDemo" name="testUntitledTestCase" time="5.326"/>
  <system-out/>
</testsuite> <!-- katalon.KatalonDemo -->
