<?xml version="1.0" encoding="UTF-8"?>
<!-- Generated by org.testng.reporters.JUnitReportReporter -->
<testsuite hostname="DESKTOP-O5BG9N5" failures="0" tests="1" name="Test.BrowserTestTestNG" time="0.593" errors="0" timestamp="2021-04-18T01:07:45 CEST" skipped="0">
  <testcase classname="Test.BrowserTestTestNG" name="search" time="0.593"/>
  <system-out/>
</testsuite> <!-- Test.BrowserTestTestNG -->
