<?xml version="1.0" encoding="UTF-8"?>
<!-- Generated by org.testng.reporters.JUnitReportReporter -->
<testsuite hostname="DESKTOP-O5BG9N5" failures="0" tests="1" name="BrowserTestTestNG" time="3.606" errors="0" timestamp="2021-04-18T01:40:15 CEST" skipped="0">
  <testcase classname="BrowserTestTestNG" name="search" time="3.606"/>
  <system-out/>
</testsuite> <!-- BrowserTestTestNG -->
