<?xml version="1.0" encoding="UTF-8"?>
<!-- Generated by org.testng.reporters.JUnitReportReporter -->
<testsuite hostname="DESKTOP-O5BG9N5" failures="0" tests="2" name="Utility.excelDataprovider" time="43.700" errors="0" timestamp="2021-04-17T14:59:04 CEST" skipped="0">
  <testcase classname="Utility.excelDataprovider" name="test1" time="22.819"/>
  <system-out/>
  <testcase classname="Utility.excelDataprovider" name="test1" time="20.881"/>
  <system-out/>
</testsuite> <!-- Utility.excelDataprovider -->
