<?xml version="1.0" encoding="UTF-8"?>
<!-- Generated by org.testng.reporters.JUnitReportReporter -->
<testsuite hostname="DESKTOP-O5BG9N5" failures="0" tests="3" name="dependenices.DependencyDemo" time="0.016" errors="0" timestamp="2021-04-19T23:21:39 CEST" skipped="0">
  <testcase classname="dependenices.DependencyDemo" name="Test1" time="0.002"/>
  <system-out/>
  <testcase classname="dependenices.DependencyDemo" name="Test2" time="0.012"/>
  <system-out/>
  <testcase classname="dependenices.DependencyDemo" name="Test3" time="0.002"/>
  <system-out/>
</testsuite> <!-- dependenices.DependencyDemo -->
