<?xml version="1.0" encoding="UTF-8"?>
<!-- Generated by org.testng.reporters.JUnitReportReporter -->
<testsuite hostname="DESKTOP-O5BG9N5" failures="0" tests="3" name="priority.Priority" time="0.009" errors="0" timestamp="2021-04-19T14:51:38 CEST" skipped="0">
  <testcase classname="priority.Priority" name="Test1" time="0.007"/>
  <system-out/>
  <testcase classname="priority.Priority" name="Test3" time="0.001"/>
  <system-out/>
  <testcase classname="priority.Priority" name="Test2" time="0.001"/>
  <system-out/>
</testsuite> <!-- priority.Priority -->
