<?xml version="1.0" encoding="UTF-8"?>
<!-- Generated by org.testng.reporters.JUnitReportReporter -->
<testsuite hostname="DESKTOP-O5BG9N5" failures="0" tests="1" name="mobileAutomation.AliExpress" time="69.354" errors="0" timestamp="2021-04-30T20:41:18 CEST" skipped="0">
  <testcase classname="mobileAutomation.AliExpress" name="aliExp" time="69.354"/>
  <system-out/>
</testsuite> <!-- mobileAutomation.AliExpress -->
