<?xml version="1.0" encoding="UTF-8"?>
<!-- Generated by org.testng.reporters.JUnitReportReporter -->
<testsuite hostname="DESKTOP-O5BG9N5" failures="0" tests="1" name="Test.BrowserTestTestNG2" time="1.226" errors="0" timestamp="2021-04-15T12:12:14 CEST" skipped="0">
  <testcase classname="Test.BrowserTestTestNG2" name="search" time="1.226"/>
  <system-out/>
</testsuite> <!-- Test.BrowserTestTestNG2 -->
