<?xml version="1.0" encoding="UTF-8"?>
<!-- Generated by org.testng.reporters.JUnitReportReporter -->
<testsuite hostname="DESKTOP-O5BG9N5" failures="0" tests="1" name="autoIT.Demo" time="18.127" errors="0" timestamp="2021-04-30T20:15:55 CEST" skipped="0">
  <testcase classname="autoIT.Demo" name="Test" time="18.127"/>
  <system-out/>
</testsuite> <!-- autoIT.Demo -->
